<?xml version="1.0" encoding="UTF-8"?>
<testsuite name="com.spring.springbootapplication.SpringbootApplicationTests" tests="1" skipped="0" failures="0" errors="0" timestamp="2024-10-21T12:57:04" hostname="50a86006ec29" time="0.599">
  <properties/>
  <testcase name="contextLoads()" classname="com.spring.springbootapplication.SpringbootApplicationTests" time="0.599"/>
  <system-out><![CDATA[12:57:02.973 [Test worker] INFO org.springframework.test.context.support.AnnotationConfigContextLoaderUtils -- Could not detect default configuration classes for test class [com.spring.springbootapplication.SpringbootApplicationTests]: SpringbootApplicationTests does not declare any static, non-private, non-final, nested classes annotated with @Configuration.
12:57:03.048 [Test worker] INFO org.springframework.boot.test.context.SpringBootTestContextBootstrapper -- Found @SpringBootConfiguration com.spring.springbootapplication.SpringbootApplication for test class com.spring.springbootapplication.SpringbootApplicationTests

  .   ____          _            __ _ _
 /\\ / ___'_ __ _ _(_)_ __  __ _ \ \ \ \
( ( )\___ | '_ | '_| | '_ \/ _` | \ \ \ \
 \\/  ___)| |_)| | | | | || (_| |  ) ) ) )
  '  |____| .__|_| |_|_| |_\__, | / / / /
 =========|_|==============|___/=/_/_/_/
 :: Spring Boot ::                (v3.2.4)

2024-10-21T12:57:03.395Z  INFO 347 --- [springboot-application] [    Test worker] c.s.s.SpringbootApplicationTests         : Starting SpringbootApplicationTests using Java 17.0.12 with PID 347 (started by root in /app)
2024-10-21T12:57:03.396Z  INFO 347 --- [springboot-application] [    Test worker] c.s.s.SpringbootApplicationTests         : No active profile set, falling back to 1 default profile: "default"
2024-10-21T12:57:03.972Z  WARN 347 --- [springboot-application] [    Test worker] o.m.s.mapper.ClassPathMapperScanner      : No MyBatis mapper was found in '[com.spring.springbootapplication]' package. Please check your configuration.
2024-10-21T12:57:04.487Z  WARN 347 --- [springboot-application] [    Test worker] ion$DefaultTemplateResolverConfiguration : Cannot find template location: classpath:/templates/ (please add some templates, check your Thymeleaf configuration, or set spring.thymeleaf.check-template-location=false)
2024-10-21T12:57:04.591Z  INFO 347 --- [springboot-application] [    Test worker] com.zaxxer.hikari.HikariDataSource       : HikariPool-1 - Starting...
2024-10-21T12:57:04.664Z  INFO 347 --- [springboot-application] [    Test worker] com.zaxxer.hikari.pool.HikariPool        : HikariPool-1 - Added connection org.postgresql.jdbc.PgConnection@46394f65
2024-10-21T12:57:04.666Z  INFO 347 --- [springboot-application] [    Test worker] com.zaxxer.hikari.HikariDataSource       : HikariPool-1 - Start completed.
2024-10-21T12:57:04.724Z  INFO 347 --- [springboot-application] [    Test worker] o.f.c.internal.license.VersionPrinter    : Flyway Community Edition 9.22.3 by Redgate
2024-10-21T12:57:04.724Z  INFO 347 --- [springboot-application] [    Test worker] o.f.c.internal.license.VersionPrinter    : See release notes here: https://rd.gt/416ObMi
2024-10-21T12:57:04.724Z  INFO 347 --- [springboot-application] [    Test worker] o.f.c.internal.license.VersionPrinter    : 
2024-10-21T12:57:04.737Z  INFO 347 --- [springboot-application] [    Test worker] org.flywaydb.core.FlywayExecutor         : Database: jdbc:postgresql://db:5432/dev (PostgreSQL 13.1)
2024-10-21T12:57:04.756Z  INFO 347 --- [springboot-application] [    Test worker] o.f.c.i.s.JdbcTableSchemaHistory         : Schema history table "public"."flyway_schema_history" does not exist yet
2024-10-21T12:57:04.758Z  INFO 347 --- [springboot-application] [    Test worker] o.f.core.internal.command.DbValidate     : Successfully validated 0 migrations (execution time 00:00.007s)
2024-10-21T12:57:04.758Z  WARN 347 --- [springboot-application] [    Test worker] o.f.core.internal.command.DbValidate     : No migrations found. Are your locations set up correctly?
2024-10-21T12:57:04.767Z  INFO 347 --- [springboot-application] [    Test worker] o.f.c.i.s.JdbcTableSchemaHistory         : Creating Schema History table "public"."flyway_schema_history" ...
2024-10-21T12:57:04.802Z  INFO 347 --- [springboot-application] [    Test worker] o.f.core.internal.command.DbMigrate      : Current version of schema "public": << Empty Schema >>
2024-10-21T12:57:04.804Z  INFO 347 --- [springboot-application] [    Test worker] o.f.core.internal.command.DbMigrate      : Schema "public" is up to date. No migration necessary.
2024-10-21T12:57:04.900Z  INFO 347 --- [springboot-application] [    Test worker] c.s.s.SpringbootApplicationTests         : Started SpringbootApplicationTests in 1.71 seconds (process running for 2.448)
]]></system-out>
  <system-err><![CDATA[]]></system-err>
</testsuite>
